<?xml version="1.0" encoding="UTF-8"?>
<!-- Generated by org.testng.reporters.JUnitXMLReporter -->
<testsuite hostname="C40FF55KMA" ignored="0" name="Testing" tests="5" failures="0" timestamp="28 May 2018 07:22:33 GMT" time="0.061" errors="0">
  <testcase name="test1" time="0.011" classname="javaPractice.testClass"/>
  <testcase name="test2" time="0.005" classname="javaPractice.testClass"/>
  <testcase name="test3" time="0.002" classname="javaPractice.testClass"/>
  <testcase name="test4" time="0.001" classname="javaPractice.testClass"/>
  <testcase name="test5" time="0.001" classname="javaPractice.testClass"/>
</testsuite> <!-- Testing -->
